{"level":"info","message":"Server started on port 5000","service":"movie-booking-api","timestamp":"2025-04-26 15:25:13"}
{"level":"info","message":"Database connected successfully","service":"movie-booking-api","timestamp":"2025-04-26 15:25:13"}
{"level":"info","message":"New admin created: admin@example.com","service":"movie-booking-api","timestamp":"2025-04-26 15:25:20"}
{"level":"info","message":"Admin login successful: admin@example.com","service":"movie-booking-api","timestamp":"2025-04-26 15:26:07"}
{"level":"info","message":"Server started on port 5000","service":"movie-booking-api","timestamp":"2025-04-26 15:28:25"}
{"level":"info","message":"Database connected successfully","service":"movie-booking-api","timestamp":"2025-04-26 15:28:25"}
{"level":"warn","message":"Admin creation failed: Email admin@example.com already exists","service":"movie-booking-api","timestamp":"2025-04-26 15:28:34"}
{"level":"info","message":"Admin login successful: admin@example.com","service":"movie-booking-api","timestamp":"2025-04-26 15:28:41"}
{"level":"info","message":"Server started on port 5000","service":"movie-booking-api","timestamp":"2025-04-26 15:28:59"}
{"level":"info","message":"Database connected successfully","service":"movie-booking-api","timestamp":"2025-04-26 15:28:59"}
{"level":"warn","message":"Admin authentication failed: No token provided","service":"movie-booking-api","timestamp":"2025-04-26 15:35:57"}
{"level":"warn","message":"Admin authentication failed: No token provided","service":"movie-booking-api","timestamp":"2025-04-26 15:36:28"}
{"level":"error","message":"Admin authentication error: secret or public key must be provided","service":"movie-booking-api","timestamp":"2025-04-26 15:37:35"}
{"level":"error","message":"Admin authentication error: secret or public key must be provided","service":"movie-booking-api","timestamp":"2025-04-26 15:38:04"}
{"level":"error","message":"Admin authentication error: secret or public key must be provided","service":"movie-booking-api","timestamp":"2025-04-26 15:38:10"}
{"level":"error","message":"Admin authentication error: secret or public key must be provided","service":"movie-booking-api","timestamp":"2025-04-26 15:38:22"}
{"level":"error","message":"Admin authentication error: secret or public key must be provided","service":"movie-booking-api","timestamp":"2025-04-26 15:38:24"}
{"level":"error","message":"Admin authentication error: secret or public key must be provided","service":"movie-booking-api","timestamp":"2025-04-26 15:38:54"}
{"level":"error","message":"Admin authentication error: jwt malformed","service":"movie-booking-api","timestamp":"2025-04-26 15:38:59"}
{"level":"error","message":"Admin authentication error: secret or public key must be provided","service":"movie-booking-api","timestamp":"2025-04-26 15:39:17"}
{"level":"error","message":"Admin authentication error: secret or public key must be provided","service":"movie-booking-api","timestamp":"2025-04-26 15:40:38"}
{"level":"error","message":"Admin authentication error: jwt malformed","service":"movie-booking-api","timestamp":"2025-04-26 15:41:10"}
{"level":"info","message":"Server started on port 5000","service":"movie-booking-api","timestamp":"2025-04-26 15:41:38"}
{"level":"info","message":"Database connected successfully","service":"movie-booking-api","timestamp":"2025-04-26 15:41:38"}
{"level":"info","message":"Admin login successful: admin@example.com","service":"movie-booking-api","timestamp":"2025-04-26 15:41:44"}
{"level":"error","message":"Admin authentication error: invalid signature","service":"movie-booking-api","timestamp":"2025-04-26 15:42:26"}
{"level":"error","message":"Admin authentication error: invalid signature","service":"movie-booking-api","timestamp":"2025-04-26 15:42:53"}
{"level":"error","message":"Admin authentication error: invalid signature","service":"movie-booking-api","timestamp":"2025-04-26 15:42:55"}
{"level":"error","message":"Admin authentication error: invalid signature","service":"movie-booking-api","timestamp":"2025-04-26 15:43:05"}
{"level":"info","message":"Server started on port 5000","service":"movie-booking-api","timestamp":"2025-04-26 15:45:51"}
{"level":"info","message":"Database connected successfully","service":"movie-booking-api","timestamp":"2025-04-26 15:45:51"}
{"level":"info","message":"Server started on port 5000","service":"movie-booking-api","timestamp":"2025-04-26 15:46:29"}
{"level":"info","message":"Database connected successfully","service":"movie-booking-api","timestamp":"2025-04-26 15:46:29"}
{"level":"error","message":"Database connection error: connect ECONNREFUSED ::1:27017, connect ECONNREFUSED 127.0.0.1:27017","service":"movie-booking-api","timestamp":"2025-04-26 15:46:59"}
{"level":"info","message":"Server started on port 5000","service":"movie-booking-api","timestamp":"2025-04-26 15:47:29"}
{"level":"info","message":"Database connected successfully","service":"movie-booking-api","timestamp":"2025-04-26 15:47:29"}
{"level":"error","message":"Database connection error: Invalid message size: 1347703880, max allowed: 67108864","service":"movie-booking-api","timestamp":"2025-04-26 15:47:59"}
{"level":"info","message":"Server started on port 5000","service":"movie-booking-api","timestamp":"2025-04-26 15:49:16"}
{"level":"info","message":"Database connected successfully","service":"movie-booking-api","timestamp":"2025-04-26 15:49:16"}
{"level":"info","message":"Server started on port 5000","service":"movie-booking-api","timestamp":"2025-04-27 16:33:14"}
{"level":"info","message":"Database connected successfully","service":"movie-booking-api","timestamp":"2025-04-27 16:33:14"}
{"level":"error","message":"Admin authentication error: invalid signature","service":"movie-booking-api","timestamp":"2025-04-27 16:36:13"}
{"level":"warn","message":"Admin authentication failed: No token provided","service":"movie-booking-api","timestamp":"2025-04-27 16:36:59"}
{"level":"warn","message":"Admin authentication failed: No token provided","service":"movie-booking-api","timestamp":"2025-04-27 16:37:02"}
{"level":"info","message":"New admin created: admin1@example.com","service":"movie-booking-api","timestamp":"2025-04-27 16:38:38"}
{"level":"info","message":"Server started on port 5000","service":"movie-booking-api","timestamp":"2025-06-12 19:11:33"}
{"level":"info","message":"Database connected successfully","service":"movie-booking-api","timestamp":"2025-06-12 19:11:33"}
{"level":"info","message":"Server started on port 5000","service":"movie-booking-api","timestamp":"2025-06-12 19:13:15"}
{"level":"info","message":"Database connected successfully","service":"movie-booking-api","timestamp":"2025-06-12 19:13:15"}
{"level":"info","message":"Server started on port 5000","service":"movie-booking-api","timestamp":"2025-06-12 19:16:09"}
{"level":"info","message":"Database connected successfully","service":"movie-booking-api","timestamp":"2025-06-12 19:16:09"}
{"level":"warn","message":"404 - /now-showing - GET - ::1","service":"movie-booking-api","timestamp":"2025-06-12 19:19:44"}
{"level":"warn","message":"404 - / - GET - ::1","service":"movie-booking-api","timestamp":"2025-06-12 19:21:16"}
{"level":"warn","message":"404 - / - GET - ::1","service":"movie-booking-api","timestamp":"2025-06-12 19:23:50"}
{"level":"info","message":"Server started on port 5000","service":"movie-booking-api","timestamp":"2025-06-12 19:26:25"}
{"level":"info","message":"Database connected successfully","service":"movie-booking-api","timestamp":"2025-06-12 19:26:25"}
{"level":"warn","message":"404 - /signup - GET - ::1","service":"movie-booking-api","timestamp":"2025-06-12 19:26:31"}
{"level":"warn","message":"Admin authentication failed: No token provided","service":"movie-booking-api","timestamp":"2025-06-12 19:26:42"}
{"level":"info","message":"Server started on port 5000","service":"movie-booking-api","timestamp":"2025-06-12 19:38:59"}
{"level":"info","message":"Database connected successfully","service":"movie-booking-api","timestamp":"2025-06-12 19:38:59"}
{"level":"info","message":"Server started on port 5000","service":"movie-booking-api","timestamp":"2025-06-12 19:41:40"}
{"level":"info","message":"Database connected successfully","service":"movie-booking-api","timestamp":"2025-06-12 19:41:40"}
{"level":"info","message":"Server started on port 5000","service":"movie-booking-api","timestamp":"2025-06-12 19:41:42"}
{"level":"info","message":"Database connected successfully","service":"movie-booking-api","timestamp":"2025-06-12 19:41:42"}
{"level":"info","message":"Server started on port 5000","service":"movie-booking-api","timestamp":"2025-06-12 19:42:44"}
{"level":"info","message":"Database connected successfully","service":"movie-booking-api","timestamp":"2025-06-12 19:42:44"}
{"level":"info","message":"Server started on port 5000","service":"movie-booking-api","timestamp":"2025-06-12 19:43:16"}
{"level":"info","message":"Database connected successfully","service":"movie-booking-api","timestamp":"2025-06-12 19:43:16"}
{"level":"info","message":"Server started on port 5000","service":"movie-booking-api","timestamp":"2025-06-12 19:46:57"}
{"level":"info","message":"Database connected successfully","service":"movie-booking-api","timestamp":"2025-06-12 19:46:57"}
{"level":"info","message":"Server started on port 5000","service":"movie-booking-api","timestamp":"2025-06-12 19:47:00"}
{"level":"info","message":"Database connected successfully","service":"movie-booking-api","timestamp":"2025-06-12 19:47:00"}
{"level":"info","message":"Server started on port 5000","service":"movie-booking-api","timestamp":"2025-06-12 19:47:53"}
{"level":"info","message":"Database connected successfully","service":"movie-booking-api","timestamp":"2025-06-12 19:47:53"}
{"level":"info","message":"Server started on port 5000","service":"movie-booking-api","timestamp":"2025-06-12 19:48:18"}
{"level":"info","message":"Database connected successfully","service":"movie-booking-api","timestamp":"2025-06-12 19:48:18"}
{"level":"info","message":"Server started on port 5000","service":"movie-booking-api","timestamp":"2025-06-12 19:48:50"}
{"level":"info","message":"Database connected successfully","service":"movie-booking-api","timestamp":"2025-06-12 19:48:50"}
{"level":"info","message":"Server started on port 5000","service":"movie-booking-api","timestamp":"2025-06-12 19:49:06"}
{"level":"info","message":"Database connected successfully","service":"movie-booking-api","timestamp":"2025-06-12 19:49:06"}
{"level":"info","message":"Server started on port 5000","service":"movie-booking-api","timestamp":"2025-06-12 21:00:39"}
{"level":"info","message":"Database connected successfully","service":"movie-booking-api","timestamp":"2025-06-12 21:00:39"}
{"level":"info","message":"Server started on port 5000","service":"movie-booking-api","timestamp":"2025-06-12 21:00:49"}
{"level":"info","message":"Database connected successfully","service":"movie-booking-api","timestamp":"2025-06-12 21:00:49"}
{"level":"info","message":"Server started on port 5000","service":"movie-booking-api","timestamp":"2025-06-12 21:16:21"}
{"level":"info","message":"Database connected successfully","service":"movie-booking-api","timestamp":"2025-06-12 21:16:21"}
{"level":"warn","message":"Admin authentication failed: No token provided","service":"movie-booking-api","timestamp":"2025-06-12 21:18:19"}
{"level":"error","message":"Admin authentication error: jwt malformed","service":"movie-booking-api","timestamp":"2025-06-12 21:18:39"}
{"level":"info","message":"Server started on port 5000","service":"movie-booking-api","timestamp":"2025-06-12 21:19:28"}
{"level":"info","message":"Database connected successfully","service":"movie-booking-api","timestamp":"2025-06-12 21:19:28"}
{"level":"info","message":"Server started on port 5000","service":"movie-booking-api","timestamp":"2025-06-12 21:20:28"}
{"level":"info","message":"Database connected successfully","service":"movie-booking-api","timestamp":"2025-06-12 21:20:28"}
{"level":"error","message":"Admin authentication error: jwt malformed","service":"movie-booking-api","timestamp":"2025-06-12 21:21:38"}
{"level":"warn","message":"Admin authentication failed: No token provided","service":"movie-booking-api","timestamp":"2025-06-12 21:21:45"}
{"level":"error","message":"Admin authentication error: jwt malformed","service":"movie-booking-api","timestamp":"2025-06-12 21:21:52"}
{"level":"error","message":"Admin authentication error: invalid signature","service":"movie-booking-api","timestamp":"2025-06-12 21:21:57"}
{"level":"warn","message":"Admin authentication failed: No token provided","service":"movie-booking-api","timestamp":"2025-06-12 21:24:18"}
{"level":"warn","message":"Admin authentication failed: No token provided","service":"movie-booking-api","timestamp":"2025-06-12 21:25:37"}
{"level":"info","message":"Server started on port 5000","service":"movie-booking-api","timestamp":"2025-06-12 21:27:04"}
{"level":"info","message":"Database connected successfully","service":"movie-booking-api","timestamp":"2025-06-12 21:27:04"}
{"level":"info","message":"Server started on port 5000","service":"movie-booking-api","timestamp":"2025-06-12 21:27:06"}
{"level":"info","message":"Database connected successfully","service":"movie-booking-api","timestamp":"2025-06-12 21:27:06"}
{"level":"warn","message":"Admin authentication failed: No token provided","service":"movie-booking-api","timestamp":"2025-06-12 21:29:00"}
{"level":"error","message":"Admin lookup error: Operation `admins.findOne()` buffering timed out after 10000ms","service":"movie-booking-api","timestamp":"2025-06-12 21:29:15"}
{"level":"info","message":"Server started on port 5000","service":"movie-booking-api","timestamp":"2025-06-12 21:29:57"}
{"level":"info","message":"Database connected successfully","service":"movie-booking-api","timestamp":"2025-06-12 21:29:57"}
{"level":"info","message":"MongoDB connected successfully","service":"movie-booking-api","timestamp":"2025-06-12 21:29:58"}
{"level":"info","message":"Server started on port 5000","service":"movie-booking-api","timestamp":"2025-06-12 21:30:02"}
{"level":"info","message":"Database connected successfully","service":"movie-booking-api","timestamp":"2025-06-12 21:30:02"}
{"level":"info","message":"MongoDB connected successfully","service":"movie-booking-api","timestamp":"2025-06-12 21:30:04"}
{"level":"info","message":"Server started on port 5000","service":"movie-booking-api","timestamp":"2025-06-12 21:30:10"}
{"level":"info","message":"Database connected successfully","service":"movie-booking-api","timestamp":"2025-06-12 21:30:10"}
{"level":"info","message":"MongoDB connected successfully","service":"movie-booking-api","timestamp":"2025-06-12 21:30:11"}
{"level":"warn","message":"Admin creation failed: Email admin@example.com already exists","service":"movie-booking-api","timestamp":"2025-06-12 21:30:45"}
{"level":"warn","message":"Admin creation failed: Email admin1@example.com already exists","service":"movie-booking-api","timestamp":"2025-06-12 21:30:54"}
{"level":"info","message":"New admin created: admin2@example.com","service":"movie-booking-api","timestamp":"2025-06-12 21:31:04"}
{"level":"info","message":"Admin login successful: admin2@example.com","service":"movie-booking-api","timestamp":"2025-06-12 21:31:17"}
{"level":"error","message":"Admin authentication error: invalid token","service":"movie-booking-api","timestamp":"2025-06-12 21:32:29"}
{"level":"error","message":"Admin authentication error: secret or public key must be provided","service":"movie-booking-api","timestamp":"2025-06-12 21:32:41"}
{"level":"error","message":"Admin authentication error: secret or public key must be provided","service":"movie-booking-api","timestamp":"2025-06-12 21:32:47"}
{"level":"error","message":"Admin authentication error: secret or public key must be provided","service":"movie-booking-api","timestamp":"2025-06-12 21:32:53"}
{"level":"error","message":"Admin authentication error: secret or public key must be provided","service":"movie-booking-api","timestamp":"2025-06-12 21:33:41"}
{"level":"error","message":"Admin authentication error: secret or public key must be provided","service":"movie-booking-api","timestamp":"2025-06-12 21:33:50"}
{"level":"error","message":"Admin authentication error: secret or public key must be provided","service":"movie-booking-api","timestamp":"2025-06-12 21:34:16"}
{"level":"error","message":"Admin authentication error: secret or public key must be provided","service":"movie-booking-api","timestamp":"2025-06-12 21:34:17"}
{"level":"error","message":"Admin authentication error: secret or public key must be provided","service":"movie-booking-api","timestamp":"2025-06-12 21:34:18"}
{"level":"error","message":"Admin authentication error: secret or public key must be provided","service":"movie-booking-api","timestamp":"2025-06-12 21:35:17"}
{"level":"error","message":"Admin authentication error: secret or public key must be provided","service":"movie-booking-api","timestamp":"2025-06-12 21:35:38"}
{"level":"error","message":"Admin authentication error: invalid token","service":"movie-booking-api","timestamp":"2025-06-12 21:35:55"}
{"level":"info","message":"Server started on port 5000","service":"movie-booking-api","timestamp":"2025-06-12 21:37:28"}
{"level":"info","message":"Database connected successfully","service":"movie-booking-api","timestamp":"2025-06-12 21:37:28"}
{"level":"info","message":"MongoDB connected successfully","service":"movie-booking-api","timestamp":"2025-06-12 21:37:29"}
{"level":"error","message":"Admin authentication error: jwt malformed","service":"movie-booking-api","timestamp":"2025-06-12 21:37:34"}
{"level":"error","message":"Admin authentication error: jwt malformed","service":"movie-booking-api","timestamp":"2025-06-12 21:37:36"}
{"level":"error","message":"400 - Expected property name or '}' in JSON at position 7 - /admin/login - GET - ::1","service":"movie-booking-api","timestamp":"2025-06-12 21:38:34"}
{"level":"error","message":"Admin authentication error: jwt malformed","service":"movie-booking-api","timestamp":"2025-06-12 21:38:42"}
{"level":"warn","message":"Admin login failed: Invalid password for admin@example.com","service":"movie-booking-api","timestamp":"2025-06-12 21:38:52"}
{"level":"warn","message":"Admin login failed: Invalid password for admin@example.com","service":"movie-booking-api","timestamp":"2025-06-12 21:39:00"}
{"level":"warn","message":"Admin login failed: Invalid password for admin1@example.com","service":"movie-booking-api","timestamp":"2025-06-12 21:39:05"}
{"level":"info","message":"Admin login successful: admin2@example.com","service":"movie-booking-api","timestamp":"2025-06-12 21:39:11"}
{"level":"info","message":"Server started on port 5000","service":"movie-booking-api","timestamp":"2025-06-12 21:39:49"}
{"level":"info","message":"Database connected successfully","service":"movie-booking-api","timestamp":"2025-06-12 21:39:49"}
{"level":"info","message":"MongoDB connected successfully","service":"movie-booking-api","timestamp":"2025-06-12 21:39:51"}
{"level":"error","message":"Admin authentication error: jwt malformed","service":"movie-booking-api","timestamp":"2025-06-12 21:40:13"}
{"level":"error","message":"Admin authentication error: jwt malformed","service":"movie-booking-api","timestamp":"2025-06-12 21:40:28"}
{"level":"info","message":"Server started on port 5000","service":"movie-booking-api","timestamp":"2025-06-12 21:41:00"}
{"level":"info","message":"Database connected successfully","service":"movie-booking-api","timestamp":"2025-06-12 21:41:00"}
{"level":"info","message":"MongoDB connected successfully","service":"movie-booking-api","timestamp":"2025-06-12 21:41:02"}
{"level":"warn","message":"Admin authentication failed: User 684ae4a8154c94e37913ef9f is not an admin","service":"movie-booking-api","timestamp":"2025-06-12 21:41:03"}
{"level":"info","message":"Server started on port 5000","service":"movie-booking-api","timestamp":"2025-06-12 21:41:58"}
{"level":"info","message":"Database connected successfully","service":"movie-booking-api","timestamp":"2025-06-12 21:41:58"}
{"level":"info","message":"MongoDB connected successfully","service":"movie-booking-api","timestamp":"2025-06-12 21:42:00"}
{"level":"info","message":"Server started on port 5000","service":"movie-booking-api","timestamp":"2025-06-12 21:42:02"}
{"level":"info","message":"Database connected successfully","service":"movie-booking-api","timestamp":"2025-06-12 21:42:02"}
{"level":"info","message":"MongoDB connected successfully","service":"movie-booking-api","timestamp":"2025-06-12 21:42:03"}
{"level":"info","message":"Admin login successful: admin@example.com","service":"movie-booking-api","timestamp":"2025-06-12 21:43:07"}
{"level":"info","message":"Admin login successful: admin@example.com","service":"movie-booking-api","timestamp":"2025-06-12 21:44:02"}
{"level":"info","message":"Admin login successful: admin@example.com","service":"movie-booking-api","timestamp":"2025-06-12 21:44:12"}
{"level":"error","message":"Admin authentication error: invalid token","service":"movie-booking-api","timestamp":"2025-06-12 21:44:18"}
{"level":"warn","message":"Admin authentication failed: User 680c9870dc1c8a8787d18474 is not an admin","service":"movie-booking-api","timestamp":"2025-06-12 21:44:29"}
{"level":"info","message":"Server started on port 5000","service":"movie-booking-api","timestamp":"2025-06-12 21:44:35"}
{"level":"info","message":"Database connected successfully","service":"movie-booking-api","timestamp":"2025-06-12 21:44:35"}
{"level":"info","message":"MongoDB connected successfully","service":"movie-booking-api","timestamp":"2025-06-12 21:44:37"}
{"level":"warn","message":"Admin authentication failed: User 680c9870dc1c8a8787d18474 is not an admin","service":"movie-booking-api","timestamp":"2025-06-12 21:44:48"}
{"level":"info","message":"Server started on port 5000","service":"movie-booking-api","timestamp":"2025-06-12 21:45:58"}
{"level":"info","message":"Database connected successfully","service":"movie-booking-api","timestamp":"2025-06-12 21:45:58"}
{"level":"info","message":"MongoDB connected successfully","service":"movie-booking-api","timestamp":"2025-06-12 21:46:00"}
{"level":"info","message":"Server started on port 5000","service":"movie-booking-api","timestamp":"2025-06-12 21:46:05"}
{"level":"info","message":"Database connected successfully","service":"movie-booking-api","timestamp":"2025-06-12 21:46:05"}
{"level":"info","message":"MongoDB connected successfully","service":"movie-booking-api","timestamp":"2025-06-12 21:46:06"}
{"level":"info","message":"Server started on port 5000","service":"movie-booking-api","timestamp":"2025-06-12 21:46:20"}
{"level":"info","message":"Database connected successfully","service":"movie-booking-api","timestamp":"2025-06-12 21:46:20"}
{"level":"info","message":"MongoDB connected successfully","service":"movie-booking-api","timestamp":"2025-06-12 21:46:22"}
{"level":"info","message":"Server started on port 5000","service":"movie-booking-api","timestamp":"2025-06-12 21:46:55"}
{"level":"info","message":"Database connected successfully","service":"movie-booking-api","timestamp":"2025-06-12 21:46:55"}
{"level":"info","message":"MongoDB connected successfully","service":"movie-booking-api","timestamp":"2025-06-12 21:46:56"}
{"level":"info","message":"Admin login successful: admin@example.com","service":"movie-booking-api","timestamp":"2025-06-12 21:46:58"}
{"level":"warn","message":"Admin authentication failed: User 680c9870dc1c8a8787d18474 is not an admin","service":"movie-booking-api","timestamp":"2025-06-12 21:47:43"}
{"level":"info","message":"Server started on port 5000","service":"movie-booking-api","timestamp":"2025-06-12 21:48:05"}
{"level":"info","message":"Database connected successfully","service":"movie-booking-api","timestamp":"2025-06-12 21:48:05"}
{"level":"info","message":"MongoDB connected successfully","service":"movie-booking-api","timestamp":"2025-06-12 21:48:06"}
{"level":"info","message":"Server started on port 5000","service":"movie-booking-api","timestamp":"2025-06-12 21:48:21"}
{"level":"info","message":"Database connected successfully","service":"movie-booking-api","timestamp":"2025-06-12 21:48:21"}
{"level":"info","message":"MongoDB connected successfully","service":"movie-booking-api","timestamp":"2025-06-12 21:48:22"}
{"level":"info","message":"Server started on port 5000","service":"movie-booking-api","timestamp":"2025-06-12 21:48:32"}
{"level":"info","message":"Database connected successfully","service":"movie-booking-api","timestamp":"2025-06-12 21:48:32"}
{"level":"info","message":"MongoDB connected successfully","service":"movie-booking-api","timestamp":"2025-06-12 21:48:33"}
{"level":"info","message":"Server started on port 5000","service":"movie-booking-api","timestamp":"2025-06-12 21:48:40"}
{"level":"info","message":"Database connected successfully","service":"movie-booking-api","timestamp":"2025-06-12 21:48:40"}
{"level":"info","message":"MongoDB connected successfully","service":"movie-booking-api","timestamp":"2025-06-12 21:48:42"}
{"level":"warn","message":"404 - /admin/ - POST - ::1","service":"movie-booking-api","timestamp":"2025-06-12 21:48:50"}
{"level":"error","message":"Get admin by ID error: Cast to ObjectId failed for value \"login\" (type string) at path \"_id\" for model \"admin\"","service":"movie-booking-api","timestamp":"2025-06-12 21:48:56"}
{"level":"info","message":"Admin login successful: admin@example.com","service":"movie-booking-api","timestamp":"2025-06-12 21:49:18"}
{"level":"info","message":"Server started on port 5000","service":"movie-booking-api","timestamp":"2025-06-12 22:41:05"}
{"level":"info","message":"Database connected successfully","service":"movie-booking-api","timestamp":"2025-06-12 22:41:05"}
{"level":"info","message":"MongoDB connected successfully","service":"movie-booking-api","timestamp":"2025-06-12 22:41:06"}
{"level":"info","message":"Server started on port 5000","service":"movie-booking-api","timestamp":"2025-06-12 22:41:20"}
{"level":"info","message":"Database connected successfully","service":"movie-booking-api","timestamp":"2025-06-12 22:41:20"}
{"level":"info","message":"MongoDB connected successfully","service":"movie-booking-api","timestamp":"2025-06-12 22:41:22"}
{"level":"info","message":"Server started on port 5000","service":"movie-booking-api","timestamp":"2025-06-12 22:42:35"}
{"level":"info","message":"Database connected successfully","service":"movie-booking-api","timestamp":"2025-06-12 22:42:35"}
{"level":"info","message":"MongoDB connected successfully","service":"movie-booking-api","timestamp":"2025-06-12 22:42:36"}
{"level":"info","message":"Server started on port 5000","service":"movie-booking-api","timestamp":"2025-06-12 22:42:42"}
{"level":"info","message":"Database connected successfully","service":"movie-booking-api","timestamp":"2025-06-12 22:42:42"}
{"level":"info","message":"MongoDB connected successfully","service":"movie-booking-api","timestamp":"2025-06-12 22:42:43"}
{"level":"info","message":"Server started on port 5000","service":"movie-booking-api","timestamp":"2025-06-12 22:46:26"}
{"level":"info","message":"Database connected successfully","service":"movie-booking-api","timestamp":"2025-06-12 22:46:26"}
{"level":"info","message":"MongoDB connected successfully","service":"movie-booking-api","timestamp":"2025-06-12 22:46:28"}
{"level":"info","message":"Server started on port 5000","service":"movie-booking-api","timestamp":"2025-06-12 22:46:30"}
{"level":"info","message":"Database connected successfully","service":"movie-booking-api","timestamp":"2025-06-12 22:46:30"}
{"level":"info","message":"MongoDB connected successfully","service":"movie-booking-api","timestamp":"2025-06-12 22:46:32"}
{"level":"warn","message":"404 - /user/profile - POST - ::1","service":"movie-booking-api","timestamp":"2025-06-12 22:47:02"}
{"level":"info","message":"Server started on port 5000","service":"movie-booking-api","timestamp":"2025-06-12 23:36:37"}
{"level":"info","message":"Database connected successfully","service":"movie-booking-api","timestamp":"2025-06-12 23:36:37"}
{"level":"info","message":"MongoDB connected successfully","service":"movie-booking-api","timestamp":"2025-06-12 23:36:38"}
{"level":"info","message":"Server started on port 5000","service":"movie-booking-api","timestamp":"2025-06-12 23:42:59"}
{"level":"info","message":"Database connected successfully","service":"movie-booking-api","timestamp":"2025-06-12 23:42:59"}
{"level":"info","message":"MongoDB connected successfully","service":"movie-booking-api","timestamp":"2025-06-12 23:43:00"}
{"level":"info","message":"Server started on port 5000","service":"movie-booking-api","timestamp":"2025-06-12 23:43:05"}
{"level":"info","message":"Database connected successfully","service":"movie-booking-api","timestamp":"2025-06-12 23:43:05"}
{"level":"info","message":"MongoDB connected successfully","service":"movie-booking-api","timestamp":"2025-06-12 23:43:06"}
{"level":"info","message":"Server started on port 5000","service":"movie-booking-api","timestamp":"2025-06-12 23:43:14"}
{"level":"info","message":"Database connected successfully","service":"movie-booking-api","timestamp":"2025-06-12 23:43:14"}
{"level":"info","message":"MongoDB connected successfully","service":"movie-booking-api","timestamp":"2025-06-12 23:43:15"}
{"level":"info","message":"Server started on port 5000","service":"movie-booking-api","timestamp":"2025-06-14 20:50:42"}
{"level":"info","message":"Database connected successfully","service":"movie-booking-api","timestamp":"2025-06-14 20:50:42"}
{"level":"info","message":"MongoDB connected successfully","service":"movie-booking-api","timestamp":"2025-06-14 20:50:43"}
{"level":"error","message":"Authentication error: invalid signature","service":"movie-booking-api","timestamp":"2025-06-14 20:51:39"}
{"level":"error","message":"Authentication error: invalid signature","service":"movie-booking-api","timestamp":"2025-06-14 20:53:29"}
{"level":"warn","message":"Admin login failed: Invalid email test@example.com","service":"movie-booking-api","timestamp":"2025-06-14 20:53:50"}
{"level":"warn","message":"Admin login failed: Invalid password for admin@example.com","service":"movie-booking-api","timestamp":"2025-06-14 20:54:02"}
{"level":"info","message":"Admin login successful: admin@example.com","service":"movie-booking-api","timestamp":"2025-06-14 20:54:51"}
{"level":"warn","message":"404 - /admin/ - POST - ::1","service":"movie-booking-api","timestamp":"2025-06-14 20:55:13"}
{"level":"warn","message":"404 - /user/login - GET - ::1","service":"movie-booking-api","timestamp":"2025-06-14 20:55:44"}
{"level":"warn","message":"404 - /user/login - GET - ::1","service":"movie-booking-api","timestamp":"2025-06-14 20:56:12"}
{"level":"error","message":"Authentication error: invalid signature","service":"movie-booking-api","timestamp":"2025-06-14 20:56:38"}
{"level":"info","message":"Server started on port 5000","service":"movie-booking-api","timestamp":"2025-06-14 20:57:46"}
{"level":"info","message":"Database connected successfully","service":"movie-booking-api","timestamp":"2025-06-14 20:57:46"}
{"level":"info","message":"MongoDB connected successfully","service":"movie-booking-api","timestamp":"2025-06-14 20:57:47"}
{"level":"info","message":"Server started on port 5000","service":"movie-booking-api","timestamp":"2025-06-14 20:58:11"}
{"level":"info","message":"Database connected successfully","service":"movie-booking-api","timestamp":"2025-06-14 20:58:11"}
{"level":"info","message":"MongoDB connected successfully","service":"movie-booking-api","timestamp":"2025-06-14 20:58:12"}
{"level":"warn","message":"404 - /booking - GET - ::1","service":"movie-booking-api","timestamp":"2025-06-14 20:58:52"}
{"level":"info","message":"Server started on port 5000","service":"movie-booking-api","timestamp":"2025-06-14 21:01:19"}
{"level":"info","message":"Database connected successfully","service":"movie-booking-api","timestamp":"2025-06-14 21:01:19"}
{"level":"info","message":"MongoDB connected successfully","service":"movie-booking-api","timestamp":"2025-06-14 21:01:20"}
{"level":"info","message":"Server started on port 5000","service":"movie-booking-api","timestamp":"2025-06-14 21:01:22"}
{"level":"info","message":"Database connected successfully","service":"movie-booking-api","timestamp":"2025-06-14 21:01:22"}
{"level":"info","message":"MongoDB connected successfully","service":"movie-booking-api","timestamp":"2025-06-14 21:01:23"}
{"level":"info","message":"Server started on port 5000","service":"movie-booking-api","timestamp":"2025-06-14 21:01:30"}
{"level":"info","message":"Database connected successfully","service":"movie-booking-api","timestamp":"2025-06-14 21:01:30"}
{"level":"info","message":"MongoDB connected successfully","service":"movie-booking-api","timestamp":"2025-06-14 21:01:31"}
{"level":"info","message":"Server started on port 5000","service":"movie-booking-api","timestamp":"2025-06-14 21:01:32"}
{"level":"info","message":"Database connected successfully","service":"movie-booking-api","timestamp":"2025-06-14 21:01:32"}
{"level":"info","message":"MongoDB connected successfully","service":"movie-booking-api","timestamp":"2025-06-14 21:01:33"}
{"level":"info","message":"Server started on port 5000","service":"movie-booking-api","timestamp":"2025-06-14 21:02:00"}
{"level":"info","message":"Database connected successfully","service":"movie-booking-api","timestamp":"2025-06-14 21:02:00"}
{"level":"info","message":"MongoDB connected successfully","service":"movie-booking-api","timestamp":"2025-06-14 21:02:02"}
{"level":"info","message":"Server started on port 5000","service":"movie-booking-api","timestamp":"2025-06-14 21:03:46"}
{"level":"info","message":"Database connected successfully","service":"movie-booking-api","timestamp":"2025-06-14 21:03:46"}
{"level":"info","message":"MongoDB connected successfully","service":"movie-booking-api","timestamp":"2025-06-14 21:03:47"}
{"level":"info","message":"Server started on port 5000","service":"movie-booking-api","timestamp":"2025-06-14 21:04:59"}
{"level":"info","message":"Database connected successfully","service":"movie-booking-api","timestamp":"2025-06-14 21:04:59"}
{"level":"info","message":"MongoDB connected successfully","service":"movie-booking-api","timestamp":"2025-06-14 21:05:00"}
{"level":"info","message":"Server started on port 5000","service":"movie-booking-api","timestamp":"2025-06-14 21:09:45"}
{"level":"info","message":"Database connected successfully","service":"movie-booking-api","timestamp":"2025-06-14 21:09:45"}
{"level":"info","message":"MongoDB connected successfully","service":"movie-booking-api","timestamp":"2025-06-14 21:09:47"}
{"level":"info","message":"Server started on port 5000","service":"movie-booking-api","timestamp":"2025-06-14 21:14:32"}
{"level":"info","message":"Database connected successfully","service":"movie-booking-api","timestamp":"2025-06-14 21:14:32"}
{"level":"info","message":"MongoDB connected successfully","service":"movie-booking-api","timestamp":"2025-06-14 21:14:33"}
{"level":"warn","message":"404 - /booking - GET - ::1","service":"movie-booking-api","timestamp":"2025-06-14 21:27:45"}
{"level":"warn","message":"404 - /movie/now-showing - POST - ::1","service":"movie-booking-api","timestamp":"2025-06-14 21:35:07"}
{"level":"info","message":"Server started on port 5000","service":"movie-booking-api","timestamp":"2025-06-14 21:38:24"}
{"level":"info","message":"Database connected successfully","service":"movie-booking-api","timestamp":"2025-06-14 21:38:24"}
{"level":"info","message":"MongoDB connected successfully","service":"movie-booking-api","timestamp":"2025-06-14 21:38:25"}
{"level":"warn","message":"404 - /booking - GET - ::1","service":"movie-booking-api","timestamp":"2025-06-14 21:39:03"}
{"level":"warn","message":"404 - /showtime/684d8922b86a2000f05da18f/seats - POST - ::1","service":"movie-booking-api","timestamp":"2025-06-14 21:40:02"}
{"level":"info","message":"Server started on port 5000","service":"movie-booking-api","timestamp":"2025-06-14 21:41:25"}
{"level":"info","message":"Database connected successfully","service":"movie-booking-api","timestamp":"2025-06-14 21:41:25"}
{"level":"info","message":"MongoDB connected successfully","service":"movie-booking-api","timestamp":"2025-06-14 21:41:26"}
{"level":"info","message":"Server started on port 5000","service":"movie-booking-api","timestamp":"2025-06-14 21:41:33"}
{"level":"info","message":"Database connected successfully","service":"movie-booking-api","timestamp":"2025-06-14 21:41:33"}
{"level":"info","message":"MongoDB connected successfully","service":"movie-booking-api","timestamp":"2025-06-14 21:41:34"}
{"level":"info","message":"Server started on port 5000","service":"movie-booking-api","timestamp":"2025-06-14 21:42:49"}
{"level":"info","message":"Database connected successfully","service":"movie-booking-api","timestamp":"2025-06-14 21:42:49"}
{"level":"info","message":"MongoDB connected successfully","service":"movie-booking-api","timestamp":"2025-06-14 21:42:50"}
{"level":"info","message":"Server started on port 5000","service":"movie-booking-api","timestamp":"2025-06-14 21:42:53"}
{"level":"info","message":"Database connected successfully","service":"movie-booking-api","timestamp":"2025-06-14 21:42:53"}
{"level":"info","message":"MongoDB connected successfully","service":"movie-booking-api","timestamp":"2025-06-14 21:42:54"}
{"level":"warn","message":"404 - /booking - GET - ::1","service":"movie-booking-api","timestamp":"2025-06-14 21:43:16"}
{"level":"info","message":"Server started on port 5000","service":"movie-booking-api","timestamp":"2025-06-14 21:45:10"}
{"level":"info","message":"Database connected successfully","service":"movie-booking-api","timestamp":"2025-06-14 21:45:10"}
{"level":"info","message":"MongoDB connected successfully","service":"movie-booking-api","timestamp":"2025-06-14 21:45:11"}
{"level":"info","message":"Server started on port 5000","service":"movie-booking-api","timestamp":"2025-06-14 21:49:21"}
{"level":"info","message":"Database connected successfully","service":"movie-booking-api","timestamp":"2025-06-14 21:49:21"}
{"level":"info","message":"MongoDB connected successfully","service":"movie-booking-api","timestamp":"2025-06-14 21:49:28"}
{"level":"info","message":"Server started on port 5000","service":"movie-booking-api","timestamp":"2025-06-14 21:53:08"}
{"level":"info","message":"Database connected successfully","service":"movie-booking-api","timestamp":"2025-06-14 21:53:08"}
{"level":"info","message":"MongoDB connected successfully","service":"movie-booking-api","timestamp":"2025-06-14 21:53:09"}
{"level":"info","message":"Server started on port 5000","service":"movie-booking-api","timestamp":"2025-06-21 14:12:32"}
{"level":"info","message":"Database connected successfully","service":"movie-booking-api","timestamp":"2025-06-21 14:12:32"}
{"level":"info","message":"MongoDB connected successfully","service":"movie-booking-api","timestamp":"2025-06-21 14:12:34"}
{"level":"info","message":"Server started on port 5000","service":"movie-booking-api","timestamp":"2025-06-21 14:12:59"}
{"level":"info","message":"Database connected successfully","service":"movie-booking-api","timestamp":"2025-06-21 14:12:59"}
{"level":"info","message":"MongoDB connected successfully","service":"movie-booking-api","timestamp":"2025-06-21 14:13:01"}
{"level":"info","message":"Admin login successful: admin3@example.com","service":"movie-booking-api","timestamp":"2025-06-21 14:14:15"}
{"level":"warn","message":"404 - / - POST - ::1","service":"movie-booking-api","timestamp":"2025-06-21 14:14:36"}
{"level":"info","message":"Server started on port 5000","service":"movie-booking-api","timestamp":"2025-06-21 14:17:05"}
{"level":"info","message":"Database connected successfully","service":"movie-booking-api","timestamp":"2025-06-21 14:17:05"}
{"level":"info","message":"MongoDB connected successfully","service":"movie-booking-api","timestamp":"2025-06-21 14:17:06"}
{"level":"info","message":"Admin login successful: admin3@example.com","service":"movie-booking-api","timestamp":"2025-06-21 14:17:26"}
{"level":"info","message":"Server started on port 5000","service":"movie-booking-api","timestamp":"2025-06-21 14:23:37"}
{"level":"info","message":"Database connected successfully","service":"movie-booking-api","timestamp":"2025-06-21 14:23:37"}
{"level":"info","message":"MongoDB connected successfully","service":"movie-booking-api","timestamp":"2025-06-21 14:23:39"}
{"level":"warn","message":"Admin authentication failed: No token provided","service":"movie-booking-api","timestamp":"2025-06-21 14:28:27"}
{"level":"info","message":"Server started on port 5000","service":"movie-booking-api","timestamp":"2025-06-21 15:12:24"}
{"level":"info","message":"Database connected successfully","service":"movie-booking-api","timestamp":"2025-06-21 15:12:24"}
{"level":"info","message":"MongoDB connected successfully","service":"movie-booking-api","timestamp":"2025-06-21 15:12:26"}
{"level":"info","message":"Admin login successful: admin3@example.com","service":"movie-booking-api","timestamp":"2025-06-21 15:13:10"}
{"level":"info","message":"Server started on port 5000","service":"movie-booking-api","timestamp":"2025-06-24 02:06:56"}
{"level":"info","message":"Database connected successfully","service":"movie-booking-api","timestamp":"2025-06-24 02:06:56"}
{"level":"info","message":"MongoDB connected successfully","service":"movie-booking-api","timestamp":"2025-06-24 02:06:58"}
{"level":"info","message":"Server started on port 5000","service":"movie-booking-api","timestamp":"2025-06-24 02:13:40"}
{"level":"info","message":"Database connected successfully","service":"movie-booking-api","timestamp":"2025-06-24 02:13:40"}
{"level":"info","message":"MongoDB connected successfully","service":"movie-booking-api","timestamp":"2025-06-24 02:13:42"}
{"level":"warn","message":"No authorization header provided","service":"movie-booking-api","timestamp":"2025-06-24 02:13:55"}
{"level":"info","message":"Server started on port 5000","service":"movie-booking-api","timestamp":"2025-06-24 02:16:15"}
{"level":"info","message":"Database connected successfully","service":"movie-booking-api","timestamp":"2025-06-24 02:16:15"}
{"level":"info","message":"MongoDB connected successfully","service":"movie-booking-api","timestamp":"2025-06-24 02:16:16"}
{"level":"warn","message":"No authorization header provided","service":"movie-booking-api","timestamp":"2025-06-24 02:18:31"}
{"level":"info","message":"Server started on port 5000","service":"movie-booking-api","timestamp":"2025-06-24 02:18:52"}
{"level":"info","message":"Database connected successfully","service":"movie-booking-api","timestamp":"2025-06-24 02:18:52"}
{"level":"info","message":"MongoDB connected successfully","service":"movie-booking-api","timestamp":"2025-06-24 02:18:53"}
{"level":"info","message":"Server started on port 5000","service":"movie-booking-api","timestamp":"2025-06-24 10:56:13"}
{"level":"info","message":"Database connected successfully","service":"movie-booking-api","timestamp":"2025-06-24 10:56:13"}
{"level":"info","message":"MongoDB connected successfully","service":"movie-booking-api","timestamp":"2025-06-24 10:56:15"}
{"level":"info","message":"Server started on port 5000","service":"movie-booking-api","timestamp":"2025-06-24 13:59:36"}
{"level":"info","message":"Database connected successfully","service":"movie-booking-api","timestamp":"2025-06-24 13:59:36"}
{"level":"info","message":"MongoDB connected successfully","service":"movie-booking-api","timestamp":"2025-06-24 13:59:38"}
{"level":"warn","message":"404 - /static/https://drive.google.com/file/d/1Z7ZEyZcf1ypZIsxrWo9vZ0ePIX_dshVY/view?usp=sharing - GET - ::1","service":"movie-booking-api","timestamp":"2025-06-24 14:42:12"}
{"level":"warn","message":"404 - /static/https://drive.google.com/file/d/12etlrE2f1i9CjxO2gfqC1F_shHZsAuvY/view?usp=sharing - GET - ::1","service":"movie-booking-api","timestamp":"2025-06-24 14:42:12"}
{"level":"warn","message":"404 - /static/https://drive.google.com/file/d/10yA0IPIdKeUm6LVkGv5bfLY6VievavDV/view?usp=sharing - GET - ::1","service":"movie-booking-api","timestamp":"2025-06-24 14:42:12"}
{"level":"warn","message":"404 - /static/https://drive.google.com/file/d/1DjTRau7DRxqfaZPdcgDjLbNF6psL-tPm/view?usp=sharing - GET - ::1","service":"movie-booking-api","timestamp":"2025-06-24 14:42:12"}
{"level":"info","message":"Server started on port 5000","service":"movie-booking-api","timestamp":"2025-06-24 14:44:56"}
{"level":"info","message":"Database connected successfully","service":"movie-booking-api","timestamp":"2025-06-24 14:44:56"}
{"level":"info","message":"MongoDB connected successfully","service":"movie-booking-api","timestamp":"2025-06-24 14:44:58"}
{"level":"info","message":"Server started on port 5000","service":"movie-booking-api","timestamp":"2025-06-24 14:51:21"}
{"level":"info","message":"Database connected successfully","service":"movie-booking-api","timestamp":"2025-06-24 14:51:21"}
{"level":"info","message":"MongoDB connected successfully","service":"movie-booking-api","timestamp":"2025-06-24 14:51:23"}
{"level":"warn","message":"Admin login failed: Invalid email nguyen@example.com","service":"movie-booking-api","timestamp":"2025-06-24 15:06:28"}
{"level":"warn","message":"Admin login failed: Invalid email nguyen@example.com","service":"movie-booking-api","timestamp":"2025-06-24 15:06:29"}
{"level":"info","message":"Admin login successful: admin3@example.com","service":"movie-booking-api","timestamp":"2025-06-24 15:06:37"}
{"level":"warn","message":"No authorization header provided","service":"movie-booking-api","timestamp":"2025-06-24 15:34:35"}
{"level":"info","message":"Server started on port 5000","service":"movie-booking-api","timestamp":"2025-06-24 15:54:08"}
{"level":"info","message":"Database connected successfully","service":"movie-booking-api","timestamp":"2025-06-24 15:54:08"}
{"level":"info","message":"MongoDB connected successfully","service":"movie-booking-api","timestamp":"2025-06-24 15:54:09"}
{"level":"warn","message":"No authorization header provided","service":"movie-booking-api","timestamp":"2025-06-24 16:02:16"}
{"level":"warn","message":"No authorization header provided","service":"movie-booking-api","timestamp":"2025-06-24 16:02:16"}
{"level":"warn","message":"No authorization header provided","service":"movie-booking-api","timestamp":"2025-06-24 16:02:35"}
{"level":"warn","message":"No authorization header provided","service":"movie-booking-api","timestamp":"2025-06-24 16:02:35"}
{"level":"warn","message":"No authorization header provided","service":"movie-booking-api","timestamp":"2025-06-24 16:02:40"}
{"level":"warn","message":"404 - /favicon.ico - GET - ::1","service":"movie-booking-api","timestamp":"2025-06-24 16:02:40"}
{"level":"info","message":"Server started on port 5000","service":"movie-booking-api","timestamp":"2025-06-24 20:28:58"}
{"level":"info","message":"Database connected successfully","service":"movie-booking-api","timestamp":"2025-06-24 20:28:58"}
{"level":"info","message":"MongoDB connected successfully","service":"movie-booking-api","timestamp":"2025-06-24 20:29:00"}
{"level":"warn","message":"No authorization header provided","service":"movie-booking-api","timestamp":"2025-06-24 20:58:20"}
{"level":"warn","message":"No authorization header provided","service":"movie-booking-api","timestamp":"2025-06-24 20:58:20"}
{"level":"info","message":"Server started on port 5000","service":"movie-booking-api","timestamp":"2025-06-24 21:49:37"}
{"level":"info","message":"Database connected successfully","service":"movie-booking-api","timestamp":"2025-06-24 21:49:37"}
{"level":"info","message":"MongoDB connected successfully","service":"movie-booking-api","timestamp":"2025-06-24 21:49:39"}
{"level":"warn","message":"Admin login failed: Invalid email nguyen@example.com","service":"movie-booking-api","timestamp":"2025-06-24 21:52:03"}
{"level":"info","message":"Admin login successful: admin3@example.com","service":"movie-booking-api","timestamp":"2025-06-24 21:52:20"}
{"level":"warn","message":"No authorization header provided","service":"movie-booking-api","timestamp":"2025-06-24 21:52:58"}
{"level":"warn","message":"No authorization header provided","service":"movie-booking-api","timestamp":"2025-06-24 21:52:58"}
{"level":"warn","message":"No authorization header provided","service":"movie-booking-api","timestamp":"2025-06-24 21:53:15"}
{"level":"warn","message":"No authorization header provided","service":"movie-booking-api","timestamp":"2025-06-24 21:53:15"}
{"level":"warn","message":"No authorization header provided","service":"movie-booking-api","timestamp":"2025-06-24 21:54:10"}
{"level":"warn","message":"No authorization header provided","service":"movie-booking-api","timestamp":"2025-06-24 21:54:11"}
{"level":"warn","message":"No authorization header provided","service":"movie-booking-api","timestamp":"2025-06-24 21:57:44"}
{"level":"warn","message":"No authorization header provided","service":"movie-booking-api","timestamp":"2025-06-24 21:57:44"}
{"level":"warn","message":"No authorization header provided","service":"movie-booking-api","timestamp":"2025-06-24 21:57:47"}
{"level":"warn","message":"404 - /favicon.ico - GET - ::1","service":"movie-booking-api","timestamp":"2025-06-24 21:57:47"}
{"level":"info","message":"Server started on port 5000","service":"movie-booking-api","timestamp":"2025-06-24 21:59:09"}
{"level":"info","message":"Database connected successfully","service":"movie-booking-api","timestamp":"2025-06-24 21:59:09"}
{"level":"info","message":"MongoDB connected successfully","service":"movie-booking-api","timestamp":"2025-06-24 21:59:13"}
{"level":"warn","message":"No authorization header provided","service":"movie-booking-api","timestamp":"2025-06-24 22:00:29"}
{"level":"warn","message":"No authorization header provided","service":"movie-booking-api","timestamp":"2025-06-24 22:00:29"}
{"level":"warn","message":"No authorization header provided","service":"movie-booking-api","timestamp":"2025-06-24 22:00:40"}
{"level":"warn","message":"No authorization header provided","service":"movie-booking-api","timestamp":"2025-06-24 22:02:05"}
{"level":"warn","message":"No authorization header provided","service":"movie-booking-api","timestamp":"2025-06-24 22:02:05"}
{"level":"warn","message":"No authorization header provided","service":"movie-booking-api","timestamp":"2025-06-24 22:02:09"}
{"level":"info","message":"Server started on port 5000","service":"movie-booking-api","timestamp":"2026-05-05 14:57:38"}
{"level":"info","message":"Database connected successfully","service":"movie-booking-api","timestamp":"2026-05-05 14:57:38"}
{"level":"info","message":"MongoDB connected successfully","service":"movie-booking-api","timestamp":"2026-05-05 14:57:39"}
